Invalid procedure call or argument 
  Time='02/28/21 14:50:29' App='WordToRQM:16.1.3637' ADO-version='10.0' Computer='EBENAVIDESA1' 
  Method: Connect.UpdateCustomTools 
  Number: 5 = &H5 = vbObjectError + 2147221509 = ERRMAP_APP_FIRST + 2147216311 
  Source: WordToRqm16 
  Description: Invalid procedure call or argument
  Call Stack: Connect.UpdateCustomTools(bNew={Nothing}) --------------------------------------------



Invalid procedure call or argument 
  Time='02/28/21 14:50:29' App='WordToRQM:16.1.3637' ADO-version='10.0' Computer='EBENAVIDESA1' 
  Method: Connect.AddReqButtons 
  Number: 5 = &H5 = vbObjectError + 2147221509 = ERRMAP_APP_FIRST + 2147216311 
  Source: WordToRqm16 
  Description: Invalid procedure call or argument
  Call Stack: Connect.AddReqButtons() --------------------------------------------------------------



The requested member of the collection does not exist. 
  Time='02/28/21 14:50:29' App='WordToRQM:16.1.3637' ADO-version='10.0' Computer='EBENAVIDESA1' 
  Method: Connect.AttachRqmDot 
  Number: 5941 = &H1735 = vbObjectError + 2147227445 = ERRMAP_APP_FIRST + 2147222247 
  Source: Microsoft Word 
  Description: The requested member of the collection does not exist.
  Call Stack: Connect.AttachRqmDot() ---------------------------------------------------------------



Invalid procedure call or argument 
  Time='02/28/21 14:52:52' App='WordToRQM:16.1.3637' ADO-version='10.0' Computer='EBENAVIDESA1' 
  Method: Connect.UpdateCustomTools 
  Number: 5 = &H5 = vbObjectError + 2147221509 = ERRMAP_APP_FIRST + 2147216311 
  Source: WordToRqm16 
  Description: Invalid procedure call or argument
  Call Stack: Connect.UpdateCustomTools(bNew={Nothing}) --------------------------------------------



Invalid procedure call or argument 
  Time='02/28/21 14:52:52' App='WordToRQM:16.1.3637' ADO-version='10.0' Computer='EBENAVIDESA1' 
  Method: Connect.AddReqButtons 
  Number: 5 = &H5 = vbObjectError + 2147221509 = ERRMAP_APP_FIRST + 2147216311 
  Source: WordToRqm16 
  Description: Invalid procedure call or argument
  Call Stack: Connect.AddReqButtons() --------------------------------------------------------------



Object variable or With block variable not set 
  Time='02/28/21 14:52:58' App='WordToRQM:16.1.3637' ADO-version='10.0' Computer='EBENAVIDESA1' 
  Method: WdDocUtils.IsLinkedDocument 
  Number: 91 = &H5B = vbObjectError + 2147221595 = ERRMAP_APP_FIRST + 2147216397 
  Source: WordToRqm16 
  Description: Object variable or With block variable not set
  Call Stack: WdDocUtils.IsLinkedDocument() --------------------------------------------------------



Object variable or With block variable not set 
  Time='02/28/21 14:54:39' App='WordToRQM:16.1.3637' ADO-version='10.0' Computer='EBENAVIDESA1' 
  Method: WdDocUtils.IsLinkedDocument 
  Number: 91 = &H5B = vbObjectError + 2147221595 = ERRMAP_APP_FIRST + 2147216397 
  Source: WordToRqm16 
  Description: Object variable or With block variable not set
  Call Stack: WdDocUtils.IsLinkedDocument() --------------------------------------------------------



Object variable or With block variable not set 
  Time='02/28/21 14:54:50' App='WordToRQM:16.1.3637' ADO-version='10.0' Computer='EBENAVIDESA1' 
  Method: WdDocUtils.IsLinkedDocument 
  Number: 91 = &H5B = vbObjectError + 2147221595 = ERRMAP_APP_FIRST + 2147216397 
  Source: WordToRqm16 
  Description: Object variable or With block variable not set
  Call Stack: WdDocUtils.IsLinkedDocument() --------------------------------------------------------



Object variable or With block variable not set 
  Time='02/28/21 14:54:56' App='WordToRQM:16.1.3637' ADO-version='10.0' Computer='EBENAVIDESA1' 
  Method: WdDocUtils.IsLinkedDocument 
  Number: 91 = &H5B = vbObjectError + 2147221595 = ERRMAP_APP_FIRST + 2147216397 
  Source: WordToRqm16 
  Description: Object variable or With block variable not set
  Call Stack: WdDocUtils.IsLinkedDocument() --------------------------------------------------------



Object variable or With block variable not set 
  Time='02/28/21 14:54:56' App='WordToRQM:16.1.3637' ADO-version='10.0' Computer='EBENAVIDESA1' 
  Method: WdDocUtils.IsLinkedDocument 
  Number: 91 = &H5B = vbObjectError + 2147221595 = ERRMAP_APP_FIRST + 2147216397 
  Source: WordToRqm16 
  Description: Object variable or With block variable not set
  Call Stack: WdDocUtils.IsLinkedDocument() --------------------------------------------------------



Object variable or With block variable not set 
  Time='02/28/21 14:54:59' App='WordToRQM:16.1.3637' ADO-version='10.0' Computer='EBENAVIDESA1' 
  Method: WdDocUtils.IsLinkedDocument 
  Number: 91 = &H5B = vbObjectError + 2147221595 = ERRMAP_APP_FIRST + 2147216397 
  Source: WordToRqm16 
  Description: Object variable or With block variable not set
  Call Stack: WdDocUtils.IsLinkedDocument() --------------------------------------------------------



Object variable or With block variable not set 
  Time='02/28/21 14:55:02' App='WordToRQM:16.1.3637' ADO-version='10.0' Computer='EBENAVIDESA1' 
  Method: WdDocUtils.IsLinkedDocument 
  Number: 91 = &H5B = vbObjectError + 2147221595 = ERRMAP_APP_FIRST + 2147216397 
  Source: WordToRqm16 
  Description: Object variable or With block variable not set
  Call Stack: WdDocUtils.IsLinkedDocument() --------------------------------------------------------



Object variable or With block variable not set 
  Time='02/28/21 14:55:02' App='WordToRQM:16.1.3637' ADO-version='10.0' Computer='EBENAVIDESA1' 
  Method: WdDocUtils.IsLinkedDocument 
  Number: 91 = &H5B = vbObjectError + 2147221595 = ERRMAP_APP_FIRST + 2147216397 
  Source: WordToRqm16 
  Description: Object variable or With block variable not set
  Call Stack: WdDocUtils.IsLinkedDocument() --------------------------------------------------------



Object variable or With block variable not set 
  Time='02/28/21 14:55:03' App='WordToRQM:16.1.3637' ADO-version='10.0' Computer='EBENAVIDESA1' 
  Method: WdDocUtils.IsLinkedDocument 
  Number: 91 = &H5B = vbObjectError + 2147221595 = ERRMAP_APP_FIRST + 2147216397 
  Source: WordToRqm16 
  Description: Object variable or With block variable not set
  Call Stack: WdDocUtils.IsLinkedDocument() --------------------------------------------------------



Object variable or With block variable not set 
  Time='02/28/21 14:55:08' App='WordToRQM:16.1.3637' ADO-version='10.0' Computer='EBENAVIDESA1' 
  Method: WdDocUtils.IsLinkedDocument 
  Number: 91 = &H5B = vbObjectError + 2147221595 = ERRMAP_APP_FIRST + 2147216397 
  Source: WordToRqm16 
  Description: Object variable or With block variable not set
  Call Stack: WdDocUtils.IsLinkedDocument() --------------------------------------------------------



Object variable or With block variable not set 
  Time='02/28/21 14:55:08' App='WordToRQM:16.1.3637' ADO-version='10.0' Computer='EBENAVIDESA1' 
  Method: WdDocUtils.IsLinkedDocument 
  Number: 91 = &H5B = vbObjectError + 2147221595 = ERRMAP_APP_FIRST + 2147216397 
  Source: WordToRqm16 
  Description: Object variable or With block variable not set
  Call Stack: WdDocUtils.IsLinkedDocument() --------------------------------------------------------



Object variable or With block variable not set 
  Time='02/28/21 14:55:12' App='WordToRQM:16.1.3637' ADO-version='10.0' Computer='EBENAVIDESA1' 
  Method: WdDocUtils.IsLinkedDocument 
  Number: 91 = &H5B = vbObjectError + 2147221595 = ERRMAP_APP_FIRST + 2147216397 
  Source: WordToRqm16 
  Description: Object variable or With block variable not set
  Call Stack: WdDocUtils.IsLinkedDocument() --------------------------------------------------------



Object variable or With block variable not set 
  Time='02/28/21 14:55:14' App='WordToRQM:16.1.3637' ADO-version='10.0' Computer='EBENAVIDESA1' 
  Method: WdDocUtils.IsLinkedDocument 
  Number: 91 = &H5B = vbObjectError + 2147221595 = ERRMAP_APP_FIRST + 2147216397 
  Source: WordToRqm16 
  Description: Object variable or With block variable not set
  Call Stack: WdDocUtils.IsLinkedDocument() --------------------------------------------------------



Object variable or With block variable not set 
  Time='02/28/21 14:55:15' App='WordToRQM:16.1.3637' ADO-version='10.0' Computer='EBENAVIDESA1' 
  Method: WdDocUtils.IsLinkedDocument 
  Number: 91 = &H5B = vbObjectError + 2147221595 = ERRMAP_APP_FIRST + 2147216397 
  Source: WordToRqm16 
  Description: Object variable or With block variable not set
  Call Stack: WdDocUtils.IsLinkedDocument() --------------------------------------------------------



Object variable or With block variable not set 
  Time='02/28/21 14:55:15' App='WordToRQM:16.1.3637' ADO-version='10.0' Computer='EBENAVIDESA1' 
  Method: WdDocUtils.IsLinkedDocument 
  Number: 91 = &H5B = vbObjectError + 2147221595 = ERRMAP_APP_FIRST + 2147216397 
  Source: WordToRqm16 
  Description: Object variable or With block variable not set
  Call Stack: WdDocUtils.IsLinkedDocument() --------------------------------------------------------



Object variable or With block variable not set 
  Time='02/28/21 14:55:15' App='WordToRQM:16.1.3637' ADO-version='10.0' Computer='EBENAVIDESA1' 
  Method: WdDocUtils.IsLinkedDocument 
  Number: 91 = &H5B = vbObjectError + 2147221595 = ERRMAP_APP_FIRST + 2147216397 
  Source: WordToRqm16 
  Description: Object variable or With block variable not set
  Call Stack: WdDocUtils.IsLinkedDocument() --------------------------------------------------------



Object variable or With block variable not set 
  Time='02/28/21 14:55:16' App='WordToRQM:16.1.3637' ADO-version='10.0' Computer='EBENAVIDESA1' 
  Method: WdDocUtils.IsLinkedDocument 
  Number: 91 = &H5B = vbObjectError + 2147221595 = ERRMAP_APP_FIRST + 2147216397 
  Source: WordToRqm16 
  Description: Object variable or With block variable not set
  Call Stack: WdDocUtils.IsLinkedDocument() --------------------------------------------------------



Object variable or With block variable not set 
  Time='02/28/21 14:55:16' App='WordToRQM:16.1.3637' ADO-version='10.0' Computer='EBENAVIDESA1' 
  Method: WdDocUtils.IsLinkedDocument 
  Number: 91 = &H5B = vbObjectError + 2147221595 = ERRMAP_APP_FIRST + 2147216397 
  Source: WordToRqm16 
  Description: Object variable or With block variable not set
  Call Stack: WdDocUtils.IsLinkedDocument() --------------------------------------------------------



Object variable or With block variable not set 
  Time='02/28/21 14:55:16' App='WordToRQM:16.1.3637' ADO-version='10.0' Computer='EBENAVIDESA1' 
  Method: WdDocUtils.IsLinkedDocument 
  Number: 91 = &H5B = vbObjectError + 2147221595 = ERRMAP_APP_FIRST + 2147216397 
  Source: WordToRqm16 
  Description: Object variable or With block variable not set
  Call Stack: WdDocUtils.IsLinkedDocument() --------------------------------------------------------



Object variable or With block variable not set 
  Time='02/28/21 14:55:16' App='WordToRQM:16.1.3637' ADO-version='10.0' Computer='EBENAVIDESA1' 
  Method: WdDocUtils.IsLinkedDocument 
  Number: 91 = &H5B = vbObjectError + 2147221595 = ERRMAP_APP_FIRST + 2147216397 
  Source: WordToRqm16 
  Description: Object variable or With block variable not set
  Call Stack: WdDocUtils.IsLinkedDocument() --------------------------------------------------------



Object variable or With block variable not set 
  Time='02/28/21 14:55:17' App='WordToRQM:16.1.3637' ADO-version='10.0' Computer='EBENAVIDESA1' 
  Method: WdDocUtils.IsLinkedDocument 
  Number: 91 = &H5B = vbObjectError + 2147221595 = ERRMAP_APP_FIRST + 2147216397 
  Source: WordToRqm16 
  Description: Object variable or With block variable not set
  Call Stack: WdDocUtils.IsLinkedDocument() --------------------------------------------------------



Object variable or With block variable not set 
  Time='02/28/21 14:55:17' App='WordToRQM:16.1.3637' ADO-version='10.0' Computer='EBENAVIDESA1' 
  Method: WdDocUtils.IsLinkedDocument 
  Number: 91 = &H5B = vbObjectError + 2147221595 = ERRMAP_APP_FIRST + 2147216397 
  Source: WordToRqm16 
  Description: Object variable or With block variable not set
  Call Stack: WdDocUtils.IsLinkedDocument() --------------------------------------------------------



Object variable or With block variable not set 
  Time='02/28/21 14:55:17' App='WordToRQM:16.1.3637' ADO-version='10.0' Computer='EBENAVIDESA1' 
  Method: WdDocUtils.IsLinkedDocument 
  Number: 91 = &H5B = vbObjectError + 2147221595 = ERRMAP_APP_FIRST + 2147216397 
  Source: WordToRqm16 
  Description: Object variable or With block variable not set
  Call Stack: WdDocUtils.IsLinkedDocument() --------------------------------------------------------



Object variable or With block variable not set 
  Time='02/28/21 14:55:17' App='WordToRQM:16.1.3637' ADO-version='10.0' Computer='EBENAVIDESA1' 
  Method: WdDocUtils.IsLinkedDocument 
  Number: 91 = &H5B = vbObjectError + 2147221595 = ERRMAP_APP_FIRST + 2147216397 
  Source: WordToRqm16 
  Description: Object variable or With block variable not set
  Call Stack: WdDocUtils.IsLinkedDocument() --------------------------------------------------------



Object variable or With block variable not set 
  Time='02/28/21 14:55:17' App='WordToRQM:16.1.3637' ADO-version='10.0' Computer='EBENAVIDESA1' 
  Method: WdDocUtils.IsLinkedDocument 
  Number: 91 = &H5B = vbObjectError + 2147221595 = ERRMAP_APP_FIRST + 2147216397 
  Source: WordToRqm16 
  Description: Object variable or With block variable not set
  Call Stack: WdDocUtils.IsLinkedDocument() --------------------------------------------------------



Object variable or With block variable not set 
  Time='02/28/21 14:55:17' App='WordToRQM:16.1.3637' ADO-version='10.0' Computer='EBENAVIDESA1' 
  Method: WdDocUtils.IsLinkedDocument 
  Number: 91 = &H5B = vbObjectError + 2147221595 = ERRMAP_APP_FIRST + 2147216397 
  Source: WordToRqm16 
  Description: Object variable or With block variable not set
  Call Stack: WdDocUtils.IsLinkedDocument() --------------------------------------------------------



Object variable or With block variable not set 
  Time='02/28/21 14:55:18' App='WordToRQM:16.1.3637' ADO-version='10.0' Computer='EBENAVIDESA1' 
  Method: WdDocUtils.IsLinkedDocument 
  Number: 91 = &H5B = vbObjectError + 2147221595 = ERRMAP_APP_FIRST + 2147216397 
  Source: WordToRqm16 
  Description: Object variable or With block variable not set
  Call Stack: WdDocUtils.IsLinkedDocument() --------------------------------------------------------



Object variable or With block variable not set 
  Time='02/28/21 14:55:24' App='WordToRQM:16.1.3637' ADO-version='10.0' Computer='EBENAVIDESA1' 
  Method: WdDocUtils.IsLinkedDocument 
  Number: 91 = &H5B = vbObjectError + 2147221595 = ERRMAP_APP_FIRST + 2147216397 
  Source: WordToRqm16 
  Description: Object variable or With block variable not set
  Call Stack: WdDocUtils.IsLinkedDocument() --------------------------------------------------------



Object variable or With block variable not set 
  Time='02/28/21 14:55:25' App='WordToRQM:16.1.3637' ADO-version='10.0' Computer='EBENAVIDESA1' 
  Method: WdDocUtils.IsLinkedDocument 
  Number: 91 = &H5B = vbObjectError + 2147221595 = ERRMAP_APP_FIRST + 2147216397 
  Source: WordToRqm16 
  Description: Object variable or With block variable not set
  Call Stack: WdDocUtils.IsLinkedDocument() --------------------------------------------------------



Object variable or With block variable not set 
  Time='02/28/21 14:55:26' App='WordToRQM:16.1.3637' ADO-version='10.0' Computer='EBENAVIDESA1' 
  Method: WdDocUtils.IsLinkedDocument 
  Number: 91 = &H5B = vbObjectError + 2147221595 = ERRMAP_APP_FIRST + 2147216397 
  Source: WordToRqm16 
  Description: Object variable or With block variable not set
  Call Stack: WdDocUtils.IsLinkedDocument() --------------------------------------------------------



Object variable or With block variable not set 
  Time='02/28/21 14:55:34' App='WordToRQM:16.1.3637' ADO-version='10.0' Computer='EBENAVIDESA1' 
  Method: WdDocUtils.IsLinkedDocument 
  Number: 91 = &H5B = vbObjectError + 2147221595 = ERRMAP_APP_FIRST + 2147216397 
  Source: WordToRqm16 
  Description: Object variable or With block variable not set
  Call Stack: WdDocUtils.IsLinkedDocument() --------------------------------------------------------



Object variable or With block variable not set 
  Time='02/28/21 14:55:35' App='WordToRQM:16.1.3637' ADO-version='10.0' Computer='EBENAVIDESA1' 
  Method: WdDocUtils.IsLinkedDocument 
  Number: 91 = &H5B = vbObjectError + 2147221595 = ERRMAP_APP_FIRST + 2147216397 
  Source: WordToRqm16 
  Description: Object variable or With block variable not set
  Call Stack: WdDocUtils.IsLinkedDocument() --------------------------------------------------------



Object variable or With block variable not set 
  Time='02/28/21 14:55:35' App='WordToRQM:16.1.3637' ADO-version='10.0' Computer='EBENAVIDESA1' 
  Method: WdDocUtils.IsLinkedDocument 
  Number: 91 = &H5B = vbObjectError + 2147221595 = ERRMAP_APP_FIRST + 2147216397 
  Source: WordToRqm16 
  Description: Object variable or With block variable not set
  Call Stack: WdDocUtils.IsLinkedDocument() --------------------------------------------------------



Object variable or With block variable not set 
  Time='02/28/21 14:55:37' App='WordToRQM:16.1.3637' ADO-version='10.0' Computer='EBENAVIDESA1' 
  Method: WdDocUtils.IsLinkedDocument 
  Number: 91 = &H5B = vbObjectError + 2147221595 = ERRMAP_APP_FIRST + 2147216397 
  Source: WordToRqm16 
  Description: Object variable or With block variable not set
  Call Stack: WdDocUtils.IsLinkedDocument() --------------------------------------------------------



Object variable or With block variable not set 
  Time='02/28/21 14:55:38' App='WordToRQM:16.1.3637' ADO-version='10.0' Computer='EBENAVIDESA1' 
  Method: WdDocUtils.IsLinkedDocument 
  Number: 91 = &H5B = vbObjectError + 2147221595 = ERRMAP_APP_FIRST + 2147216397 
  Source: WordToRqm16 
  Description: Object variable or With block variable not set
  Call Stack: WdDocUtils.IsLinkedDocument() --------------------------------------------------------



Object variable or With block variable not set 
  Time='02/28/21 14:55:38' App='WordToRQM:16.1.3637' ADO-version='10.0' Computer='EBENAVIDESA1' 
  Method: WdDocUtils.IsLinkedDocument 
  Number: 91 = &H5B = vbObjectError + 2147221595 = ERRMAP_APP_FIRST + 2147216397 
  Source: WordToRqm16 
  Description: Object variable or With block variable not set
  Call Stack: WdDocUtils.IsLinkedDocument() --------------------------------------------------------



Object variable or With block variable not set 
  Time='02/28/21 14:55:39' App='WordToRQM:16.1.3637' ADO-version='10.0' Computer='EBENAVIDESA1' 
  Method: WdDocUtils.IsLinkedDocument 
  Number: 91 = &H5B = vbObjectError + 2147221595 = ERRMAP_APP_FIRST + 2147216397 
  Source: WordToRqm16 
  Description: Object variable or With block variable not set
  Call Stack: WdDocUtils.IsLinkedDocument() --------------------------------------------------------



Object variable or With block variable not set 
  Time='02/28/21 14:55:42' App='WordToRQM:16.1.3637' ADO-version='10.0' Computer='EBENAVIDESA1' 
  Method: WdDocUtils.IsLinkedDocument 
  Number: 91 = &H5B = vbObjectError + 2147221595 = ERRMAP_APP_FIRST + 2147216397 
  Source: WordToRqm16 
  Description: Object variable or With block variable not set
  Call Stack: WdDocUtils.IsLinkedDocument() --------------------------------------------------------



Object variable or With block variable not set 
  Time='02/28/21 14:55:43' App='WordToRQM:16.1.3637' ADO-version='10.0' Computer='EBENAVIDESA1' 
  Method: WdDocUtils.IsLinkedDocument 
  Number: 91 = &H5B = vbObjectError + 2147221595 = ERRMAP_APP_FIRST + 2147216397 
  Source: WordToRqm16 
  Description: Object variable or With block variable not set
  Call Stack: WdDocUtils.IsLinkedDocument() --------------------------------------------------------



Object variable or With block variable not set 
  Time='02/28/21 14:55:43' App='WordToRQM:16.1.3637' ADO-version='10.0' Computer='EBENAVIDESA1' 
  Method: WdDocUtils.IsLinkedDocument 
  Number: 91 = &H5B = vbObjectError + 2147221595 = ERRMAP_APP_FIRST + 2147216397 
  Source: WordToRqm16 
  Description: Object variable or With block variable not set
  Call Stack: WdDocUtils.IsLinkedDocument() --------------------------------------------------------



Object variable or With block variable not set 
  Time='02/28/21 14:55:47' App='WordToRQM:16.1.3637' ADO-version='10.0' Computer='EBENAVIDESA1' 
  Method: WdDocUtils.IsLinkedDocument 
  Number: 91 = &H5B = vbObjectError + 2147221595 = ERRMAP_APP_FIRST + 2147216397 
  Source: WordToRqm16 
  Description: Object variable or With block variable not set
  Call Stack: WdDocUtils.IsLinkedDocument() --------------------------------------------------------



Object variable or With block variable not set 
  Time='02/28/21 14:55:48' App='WordToRQM:16.1.3637' ADO-version='10.0' Computer='EBENAVIDESA1' 
  Method: WdDocUtils.IsLinkedDocument 
  Number: 91 = &H5B = vbObjectError + 2147221595 = ERRMAP_APP_FIRST + 2147216397 
  Source: WordToRqm16 
  Description: Object variable or With block variable not set
  Call Stack: WdDocUtils.IsLinkedDocument() --------------------------------------------------------



Object variable or With block variable not set 
  Time='02/28/21 14:55:49' App='WordToRQM:16.1.3637' ADO-version='10.0' Computer='EBENAVIDESA1' 
  Method: WdDocUtils.IsLinkedDocument 
  Number: 91 = &H5B = vbObjectError + 2147221595 = ERRMAP_APP_FIRST + 2147216397 
  Source: WordToRqm16 
  Description: Object variable or With block variable not set
  Call Stack: WdDocUtils.IsLinkedDocument() --------------------------------------------------------



Object variable or With block variable not set 
  Time='02/28/21 14:55:56' App='WordToRQM:16.1.3637' ADO-version='10.0' Computer='EBENAVIDESA1' 
  Method: WdDocUtils.IsLinkedDocument 
  Number: 91 = &H5B = vbObjectError + 2147221595 = ERRMAP_APP_FIRST + 2147216397 
  Source: WordToRqm16 
  Description: Object variable or With block variable not set
  Call Stack: WdDocUtils.IsLinkedDocument() --------------------------------------------------------



Invalid procedure call or argument 
  Time='03/01/21 18:24:28' App='WordToRQM:16.1.3637' ADO-version='10.0' Computer='EBENAVIDESA1' 
  Method: Connect.UpdateCustomTools 
  Number: 5 = &H5 = vbObjectError + 2147221509 = ERRMAP_APP_FIRST + 2147216311 
  Source: WordToRqm16 
  Description: Invalid procedure call or argument
  Call Stack: Connect.UpdateCustomTools(bNew={Nothing}) --------------------------------------------



Invalid procedure call or argument 
  Time='03/01/21 18:24:29' App='WordToRQM:16.1.3637' ADO-version='10.0' Computer='EBENAVIDESA1' 
  Method: Connect.AddReqButtons 
  Number: 5 = &H5 = vbObjectError + 2147221509 = ERRMAP_APP_FIRST + 2147216311 
  Source: WordToRqm16 
  Description: Invalid procedure call or argument
  Call Stack: Connect.AddReqButtons() --------------------------------------------------------------



Object variable or With block variable not set 
  Time='03/01/21 18:25:09' App='WordToRQM:16.1.3637' ADO-version='10.0' Computer='EBENAVIDESA1' 
  Method: WdDocUtils.IsLinkedDocument 
  Number: 91 = &H5B = vbObjectError + 2147221595 = ERRMAP_APP_FIRST + 2147216397 
  Source: WordToRqm16 
  Description: Object variable or With block variable not set
  Call Stack: WdDocUtils.IsLinkedDocument() --------------------------------------------------------



Object variable or With block variable not set 
  Time='03/01/21 18:25:24' App='WordToRQM:16.1.3637' ADO-version='10.0' Computer='EBENAVIDESA1' 
  Method: WdDocUtils.IsLinkedDocument 
  Number: 91 = &H5B = vbObjectError + 2147221595 = ERRMAP_APP_FIRST + 2147216397 
  Source: WordToRqm16 
  Description: Object variable or With block variable not set
  Call Stack: WdDocUtils.IsLinkedDocument() --------------------------------------------------------



Object variable or With block variable not set 
  Time='03/01/21 18:25:29' App='WordToRQM:16.1.3637' ADO-version='10.0' Computer='EBENAVIDESA1' 
  Method: WdDocUtils.IsLinkedDocument 
  Number: 91 = &H5B = vbObjectError + 2147221595 = ERRMAP_APP_FIRST + 2147216397 
  Source: WordToRqm16 
  Description: Object variable or With block variable not set
  Call Stack: WdDocUtils.IsLinkedDocument() --------------------------------------------------------



Object variable or With block variable not set 
  Time='03/01/21 18:25:43' App='WordToRQM:16.1.3637' ADO-version='10.0' Computer='EBENAVIDESA1' 
  Method: WdDocUtils.IsLinkedDocument 
  Number: 91 = &H5B = vbObjectError + 2147221595 = ERRMAP_APP_FIRST + 2147216397 
  Source: WordToRqm16 
  Description: Object variable or With block variable not set
  Call Stack: WdDocUtils.IsLinkedDocument() --------------------------------------------------------



Object variable or With block variable not set 
  Time='03/01/21 18:25:59' App='WordToRQM:16.1.3637' ADO-version='10.0' Computer='EBENAVIDESA1' 
  Method: WdDocUtils.IsLinkedDocument 
  Number: 91 = &H5B = vbObjectError + 2147221595 = ERRMAP_APP_FIRST + 2147216397 
  Source: WordToRqm16 
  Description: Object variable or With block variable not set
  Call Stack: WdDocUtils.IsLinkedDocument() --------------------------------------------------------



Object variable or With block variable not set 
  Time='03/01/21 18:25:59' App='WordToRQM:16.1.3637' ADO-version='10.0' Computer='EBENAVIDESA1' 
  Method: WdDocUtils.IsLinkedDocument 
  Number: 91 = &H5B = vbObjectError + 2147221595 = ERRMAP_APP_FIRST + 2147216397 
  Source: WordToRqm16 
  Description: Object variable or With block variable not set
  Call Stack: WdDocUtils.IsLinkedDocument() --------------------------------------------------------



Object variable or With block variable not set 
  Time='03/01/21 18:26:08' App='WordToRQM:16.1.3637' ADO-version='10.0' Computer='EBENAVIDESA1' 
  Method: WdDocUtils.IsLinkedDocument 
  Number: 91 = &H5B = vbObjectError + 2147221595 = ERRMAP_APP_FIRST + 2147216397 
  Source: WordToRqm16 
  Description: Object variable or With block variable not set
  Call Stack: WdDocUtils.IsLinkedDocument() --------------------------------------------------------



Object variable or With block variable not set 
  Time='03/01/21 18:26:08' App='WordToRQM:16.1.3637' ADO-version='10.0' Computer='EBENAVIDESA1' 
  Method: WdDocUtils.IsLinkedDocument 
  Number: 91 = &H5B = vbObjectError + 2147221595 = ERRMAP_APP_FIRST + 2147216397 
  Source: WordToRqm16 
  Description: Object variable or With block variable not set
  Call Stack: WdDocUtils.IsLinkedDocument() --------------------------------------------------------



Object variable or With block variable not set 
  Time='03/01/21 18:26:24' App='WordToRQM:16.1.3637' ADO-version='10.0' Computer='EBENAVIDESA1' 
  Method: WdDocUtils.IsLinkedDocument 
  Number: 91 = &H5B = vbObjectError + 2147221595 = ERRMAP_APP_FIRST + 2147216397 
  Source: WordToRqm16 
  Description: Object variable or With block variable not set
  Call Stack: WdDocUtils.IsLinkedDocument() --------------------------------------------------------



Object variable or With block variable not set 
  Time='03/01/21 18:26:24' App='WordToRQM:16.1.3637' ADO-version='10.0' Computer='EBENAVIDESA1' 
  Method: WdDocUtils.IsLinkedDocument 
  Number: 91 = &H5B = vbObjectError + 2147221595 = ERRMAP_APP_FIRST + 2147216397 
  Source: WordToRqm16 
  Description: Object variable or With block variable not set
  Call Stack: WdDocUtils.IsLinkedDocument() --------------------------------------------------------



Object variable or With block variable not set 
  Time='03/01/21 18:26:36' App='WordToRQM:16.1.3637' ADO-version='10.0' Computer='EBENAVIDESA1' 
  Method: WdDocUtils.IsLinkedDocument 
  Number: 91 = &H5B = vbObjectError + 2147221595 = ERRMAP_APP_FIRST + 2147216397 
  Source: WordToRqm16 
  Description: Object variable or With block variable not set
  Call Stack: WdDocUtils.IsLinkedDocument() --------------------------------------------------------



Object variable or With block variable not set 
  Time='03/01/21 18:26:37' App='WordToRQM:16.1.3637' ADO-version='10.0' Computer='EBENAVIDESA1' 
  Method: WdDocUtils.IsLinkedDocument 
  Number: 91 = &H5B = vbObjectError + 2147221595 = ERRMAP_APP_FIRST + 2147216397 
  Source: WordToRqm16 
  Description: Object variable or With block variable not set
  Call Stack: WdDocUtils.IsLinkedDocument() --------------------------------------------------------



Object variable or With block variable not set 
  Time='03/01/21 18:29:53' App='WordToRQM:16.1.3637' ADO-version='10.0' Computer='EBENAVIDESA1' 
  Method: WdDocUtils.IsLinkedDocument 
  Number: 91 = &H5B = vbObjectError + 2147221595 = ERRMAP_APP_FIRST + 2147216397 
  Source: WordToRqm16 
  Description: Object variable or With block variable not set
  Call Stack: WdDocUtils.IsLinkedDocument() --------------------------------------------------------



Object variable or With block variable not set 
  Time='03/01/21 18:30:01' App='WordToRQM:16.1.3637' ADO-version='10.0' Computer='EBENAVIDESA1' 
  Method: WdDocUtils.IsLinkedDocument 
  Number: 91 = &H5B = vbObjectError + 2147221595 = ERRMAP_APP_FIRST + 2147216397 
  Source: WordToRqm16 
  Description: Object variable or With block variable not set
  Call Stack: WdDocUtils.IsLinkedDocument() --------------------------------------------------------



Object variable or With block variable not set 
  Time='03/01/21 18:30:01' App='WordToRQM:16.1.3637' ADO-version='10.0' Computer='EBENAVIDESA1' 
  Method: WdDocUtils.IsLinkedDocument 
  Number: 91 = &H5B = vbObjectError + 2147221595 = ERRMAP_APP_FIRST + 2147216397 
  Source: WordToRqm16 
  Description: Object variable or With block variable not set
  Call Stack: WdDocUtils.IsLinkedDocument() --------------------------------------------------------



Object variable or With block variable not set 
  Time='03/01/21 18:30:02' App='WordToRQM:16.1.3637' ADO-version='10.0' Computer='EBENAVIDESA1' 
  Method: WdDocUtils.IsLinkedDocument 
  Number: 91 = &H5B = vbObjectError + 2147221595 = ERRMAP_APP_FIRST + 2147216397 
  Source: WordToRqm16 
  Description: Object variable or With block variable not set
  Call Stack: WdDocUtils.IsLinkedDocument() --------------------------------------------------------



